<?xml version="1.0" encoding="UTF-8" ?>
<testsuite failures="0" time="0.048" errors="0" skipped="0" tests="2" name="com.jarias.tekstratego.service.thinker.webservice.util.IndicatorTypeTest">
  <properties>
[...]
</properties>
  <testcase time="0.005" classname="com.jarias.tekstratego.service.thinker.webservice.util.IndicatorTypeTest" name="testClassName"/>
  <testcase time="0" classname="com.jarias.tekstratego.service.thinker.webservice.util.IndicatorTypeTest" name="testClassType"/>
</testsuite>